D:\project\C\CorrectUI\CorrectUI\Debug\cl.command.1.tlog
D:\project\C\CorrectUI\CorrectUI\Debug\CL.read.1.tlog
D:\project\C\CorrectUI\CorrectUI\Debug\CL.write.1.tlog
D:\PROJECT\C\CORRECTUI\CORRECTUI\DEBUG\CORRECT.OBJ
D:\PROJECT\C\CORRECTUI\CORRECTUI\DEBUG\CORRECTUI.EXE.INTERMEDIATE.MANIFEST
D:\PROJECT\C\CORRECTUI\CORRECTUI\DEBUG\CORRECTUI.OBJ
D:\project\C\CorrectUI\CorrectUI\Debug\CorrectUI.write.1.tlog
D:\project\C\CorrectUI\CorrectUI\Debug\custombuild.command.1.tlog
D:\project\C\CorrectUI\CorrectUI\Debug\custombuild.read.1.tlog
D:\project\C\CorrectUI\CorrectUI\Debug\custombuild.write.1.tlog
D:\project\C\CorrectUI\CorrectUI\Debug\link.command.1.tlog
D:\project\C\CorrectUI\CorrectUI\Debug\link.read.1.tlog
D:\project\C\CorrectUI\CorrectUI\Debug\link.write.1.tlog
D:\PROJECT\C\CORRECTUI\CORRECTUI\DEBUG\MAIN.OBJ
D:\PROJECT\C\CORRECTUI\CORRECTUI\DEBUG\MOC_CORRECTUI.OBJ
D:\project\C\CorrectUI\CorrectUI\Debug\mt.command.1.tlog
D:\project\C\CorrectUI\CorrectUI\Debug\mt.read.1.tlog
D:\project\C\CorrectUI\CorrectUI\Debug\mt.write.1.tlog
D:\PROJECT\C\CORRECTUI\CORRECTUI\DEBUG\PICTURETHREAD.OBJ
D:\PROJECT\C\CORRECTUI\CORRECTUI\DEBUG\QRC_CORRECTUI.OBJ
D:\PROJECT\C\CORRECTUI\CORRECTUI\DEBUG\VC100.PDB
D:\PROJECT\C\CORRECTUI\CORRECTUI\GENERATEDFILES\DEBUG\MOC_CORRECTUI.CPP
D:\PROJECT\C\CORRECTUI\CORRECTUI\GENERATEDFILES\QRC_CORRECTUI.CPP
D:\PROJECT\C\CORRECTUI\CORRECTUI\GENERATEDFILES\UI_CORRECTUI.H
D:\PROJECT\C\CORRECTUI\WIN32\DEBUG\CORRECTUI.EXE
D:\PROJECT\C\CORRECTUI\WIN32\DEBUG\CORRECTUI.ILK
D:\PROJECT\C\CORRECTUI\WIN32\DEBUG\CORRECTUI.PDB
